<?xml version="1.0" encoding="UTF-8"?>
<testsuite xmlns:xsi="http://www.w3.org/2001/XMLSchema-instance" xsi:noNamespaceSchemaLocation="https://maven.apache.org/surefire/maven-surefire-plugin/xsd/surefire-test-report.xsd" name="com.zhsh.mybatisproject.MybatisprojectApplicationTests" time="4.804" tests="1" errors="0" skipped="0" failures="0">
  <properties>
    <property name="sun.desktop" value="windows"/>
    <property name="awt.toolkit" value="sun.awt.windows.WToolkit"/>
    <property name="file.encoding.pkg" value="sun.io"/>
    <property name="java.specification.version" value="1.8"/>
    <property name="sun.cpu.isalist" value="amd64"/>
    <property name="sun.jnu.encoding" value="GBK"/>
    <property name="java.class.path" value="E:\IdeaProject\project1\target\test-classes;E:\IdeaProject\project1\target\classes;D:\repository\lib\org\springframework\boot\spring-boot-starter-web\2.5.0\spring-boot-starter-web-2.5.0.jar;D:\repository\lib\org\springframework\boot\spring-boot-starter-json\2.5.0\spring-boot-starter-json-2.5.0.jar;D:\repository\lib\com\fasterxml\jackson\core\jackson-databind\2.12.3\jackson-databind-2.12.3.jar;D:\repository\lib\com\fasterxml\jackson\core\jackson-annotations\2.12.3\jackson-annotations-2.12.3.jar;D:\repository\lib\com\fasterxml\jackson\core\jackson-core\2.12.3\jackson-core-2.12.3.jar;D:\repository\lib\com\fasterxml\jackson\datatype\jackson-datatype-jdk8\2.12.3\jackson-datatype-jdk8-2.12.3.jar;D:\repository\lib\com\fasterxml\jackson\datatype\jackson-datatype-jsr310\2.12.3\jackson-datatype-jsr310-2.12.3.jar;D:\repository\lib\com\fasterxml\jackson\module\jackson-module-parameter-names\2.12.3\jackson-module-parameter-names-2.12.3.jar;D:\repository\lib\org\springframework\boot\spring-boot-starter-tomcat\2.5.0\spring-boot-starter-tomcat-2.5.0.jar;D:\repository\lib\org\apache\tomcat\embed\tomcat-embed-core\9.0.46\tomcat-embed-core-9.0.46.jar;D:\repository\lib\org\apache\tomcat\embed\tomcat-embed-el\9.0.46\tomcat-embed-el-9.0.46.jar;D:\repository\lib\org\apache\tomcat\embed\tomcat-embed-websocket\9.0.46\tomcat-embed-websocket-9.0.46.jar;D:\repository\lib\org\springframework\spring-web\5.3.7\spring-web-5.3.7.jar;D:\repository\lib\org\springframework\spring-beans\5.3.7\spring-beans-5.3.7.jar;D:\repository\lib\org\springframework\spring-webmvc\5.3.7\spring-webmvc-5.3.7.jar;D:\repository\lib\org\springframework\spring-context\5.3.7\spring-context-5.3.7.jar;D:\repository\lib\org\springframework\spring-expression\5.3.7\spring-expression-5.3.7.jar;D:\repository\lib\org\springframework\boot\spring-boot-starter\2.5.0\spring-boot-starter-2.5.0.jar;D:\repository\lib\org\springframework\boot\spring-boot\2.5.0\spring-boot-2.5.0.jar;D:\repository\lib\org\springframework\boot\spring-boot-autoconfigure\2.5.0\spring-boot-autoconfigure-2.5.0.jar;D:\repository\lib\org\springframework\boot\spring-boot-starter-logging\2.5.0\spring-boot-starter-logging-2.5.0.jar;D:\repository\lib\ch\qos\logback\logback-classic\1.2.3\logback-classic-1.2.3.jar;D:\repository\lib\ch\qos\logback\logback-core\1.2.3\logback-core-1.2.3.jar;D:\repository\lib\org\apache\logging\log4j\log4j-to-slf4j\2.14.1\log4j-to-slf4j-2.14.1.jar;D:\repository\lib\org\apache\logging\log4j\log4j-api\2.14.1\log4j-api-2.14.1.jar;D:\repository\lib\jakarta\annotation\jakarta.annotation-api\1.3.5\jakarta.annotation-api-1.3.5.jar;D:\repository\lib\org\springframework\spring-core\5.3.7\spring-core-5.3.7.jar;D:\repository\lib\org\springframework\spring-jcl\5.3.7\spring-jcl-5.3.7.jar;D:\repository\lib\org\yaml\snakeyaml\1.28\snakeyaml-1.28.jar;D:\repository\lib\org\springframework\boot\spring-boot-starter-jdbc\2.5.0\spring-boot-starter-jdbc-2.5.0.jar;D:\repository\lib\com\zaxxer\HikariCP\4.0.3\HikariCP-4.0.3.jar;D:\repository\lib\org\slf4j\slf4j-api\1.7.30\slf4j-api-1.7.30.jar;D:\repository\lib\org\springframework\spring-jdbc\5.3.7\spring-jdbc-5.3.7.jar;D:\repository\lib\org\springframework\spring-tx\5.3.7\spring-tx-5.3.7.jar;D:\repository\lib\org\projectlombok\lombok\1.18.20\lombok-1.18.20.jar;D:\repository\lib\org\springframework\boot\spring-boot-starter-test\2.5.0\spring-boot-starter-test-2.5.0.jar;D:\repository\lib\org\springframework\boot\spring-boot-test\2.5.0\spring-boot-test-2.5.0.jar;D:\repository\lib\org\springframework\boot\spring-boot-test-autoconfigure\2.5.0\spring-boot-test-autoconfigure-2.5.0.jar;D:\repository\lib\com\jayway\jsonpath\json-path\2.5.0\json-path-2.5.0.jar;D:\repository\lib\net\minidev\json-smart\2.4.7\json-smart-2.4.7.jar;D:\repository\lib\net\minidev\accessors-smart\2.4.7\accessors-smart-2.4.7.jar;D:\repository\lib\org\ow2\asm\asm\9.1\asm-9.1.jar;D:\repository\lib\jakarta\xml\bind\jakarta.xml.bind-api\2.3.3\jakarta.xml.bind-api-2.3.3.jar;D:\repository\lib\jakarta\activation\jakarta.activation-api\1.2.2\jakarta.activation-api-1.2.2.jar;D:\repository\lib\org\assertj\assertj-core\3.19.0\assertj-core-3.19.0.jar;D:\repository\lib\org\hamcrest\hamcrest\2.2\hamcrest-2.2.jar;D:\repository\lib\org\junit\jupiter\junit-jupiter\5.7.2\junit-jupiter-5.7.2.jar;D:\repository\lib\org\junit\jupiter\junit-jupiter-api\5.7.2\junit-jupiter-api-5.7.2.jar;D:\repository\lib\org\apiguardian\apiguardian-api\1.1.0\apiguardian-api-1.1.0.jar;D:\repository\lib\org\opentest4j\opentest4j\1.2.0\opentest4j-1.2.0.jar;D:\repository\lib\org\junit\platform\junit-platform-commons\1.7.2\junit-platform-commons-1.7.2.jar;D:\repository\lib\org\junit\jupiter\junit-jupiter-params\5.7.2\junit-jupiter-params-5.7.2.jar;D:\repository\lib\org\junit\jupiter\junit-jupiter-engine\5.7.2\junit-jupiter-engine-5.7.2.jar;D:\repository\lib\org\junit\platform\junit-platform-engine\1.7.2\junit-platform-engine-1.7.2.jar;D:\repository\lib\org\mockito\mockito-core\3.9.0\mockito-core-3.9.0.jar;D:\repository\lib\net\bytebuddy\byte-buddy\1.10.22\byte-buddy-1.10.22.jar;D:\repository\lib\net\bytebuddy\byte-buddy-agent\1.10.22\byte-buddy-agent-1.10.22.jar;D:\repository\lib\org\objenesis\objenesis\3.2\objenesis-3.2.jar;D:\repository\lib\org\mockito\mockito-junit-jupiter\3.9.0\mockito-junit-jupiter-3.9.0.jar;D:\repository\lib\org\skyscreamer\jsonassert\1.5.0\jsonassert-1.5.0.jar;D:\repository\lib\com\vaadin\external\google\android-json\0.0.20131108.vaadin1\android-json-0.0.20131108.vaadin1.jar;D:\repository\lib\org\springframework\spring-test\5.3.7\spring-test-5.3.7.jar;D:\repository\lib\org\xmlunit\xmlunit-core\2.8.2\xmlunit-core-2.8.2.jar;D:\repository\lib\com\baomidou\mybatis-plus-boot-starter\3.4.1\mybatis-plus-boot-starter-3.4.1.jar;D:\repository\lib\com\baomidou\mybatis-plus\3.4.1\mybatis-plus-3.4.1.jar;D:\repository\lib\com\baomidou\mybatis-plus-generator\3.4.1\mybatis-plus-generator-3.4.1.jar;D:\repository\lib\com\baomidou\mybatis-plus-extension\3.4.1\mybatis-plus-extension-3.4.1.jar;D:\repository\lib\com\baomidou\mybatis-plus-core\3.4.1\mybatis-plus-core-3.4.1.jar;D:\repository\lib\com\baomidou\mybatis-plus-annotation\3.4.1\mybatis-plus-annotation-3.4.1.jar;D:\repository\lib\com\github\jsqlparser\jsqlparser\3.2\jsqlparser-3.2.jar;D:\repository\lib\org\mybatis\mybatis\3.5.6\mybatis-3.5.6.jar;D:\repository\lib\org\mybatis\mybatis-spring\2.0.5\mybatis-spring-2.0.5.jar;D:\repository\lib\org\freemarker\freemarker\2.3.31\freemarker-2.3.31.jar;D:\repository\lib\mysql\mysql-connector-java\8.0.25\mysql-connector-java-8.0.25.jar;D:\repository\lib\com\alibaba\druid\1.1.10\druid-1.1.10.jar;D:\repository\lib\org\springframework\boot\spring-boot-devtools\2.5.0\spring-boot-devtools-2.5.0.jar;D:\repository\lib\org\springframework\boot\spring-boot-configuration-processor\2.5.0\spring-boot-configuration-processor-2.5.0.jar;D:\repository\lib\org\springframework\boot\spring-boot-starter-aop\2.5.0\spring-boot-starter-aop-2.5.0.jar;D:\repository\lib\org\springframework\spring-aop\5.3.7\spring-aop-5.3.7.jar;D:\repository\lib\org\aspectj\aspectjweaver\1.9.6\aspectjweaver-1.9.6.jar;D:\repository\lib\net\sf\json-lib\json-lib\2.4\json-lib-2.4-jdk15.jar;D:\repository\lib\commons-beanutils\commons-beanutils\1.8.0\commons-beanutils-1.8.0.jar;D:\repository\lib\commons-collections\commons-collections\3.2.1\commons-collections-3.2.1.jar;D:\repository\lib\commons-lang\commons-lang\2.5\commons-lang-2.5.jar;D:\repository\lib\commons-logging\commons-logging\1.1.1\commons-logging-1.1.1.jar;D:\repository\lib\net\sf\ezmorph\ezmorph\1.0.6\ezmorph-1.0.6.jar;D:\repository\lib\org\springframework\boot\spring-boot-starter-log4j\1.3.8.RELEASE\spring-boot-starter-log4j-1.3.8.RELEASE.jar;D:\repository\lib\org\slf4j\jcl-over-slf4j\1.7.30\jcl-over-slf4j-1.7.30.jar;D:\repository\lib\org\slf4j\jul-to-slf4j\1.7.30\jul-to-slf4j-1.7.30.jar;D:\repository\lib\org\slf4j\slf4j-log4j12\1.7.30\slf4j-log4j12-1.7.30.jar;D:\repository\lib\log4j\log4j\1.2.17\log4j-1.2.17.jar;D:\repository\lib\org\springframework\boot\spring-boot-starter-thymeleaf\2.5.0\spring-boot-starter-thymeleaf-2.5.0.jar;D:\repository\lib\org\thymeleaf\thymeleaf-spring5\3.0.12.RELEASE\thymeleaf-spring5-3.0.12.RELEASE.jar;D:\repository\lib\org\thymeleaf\thymeleaf\3.0.12.RELEASE\thymeleaf-3.0.12.RELEASE.jar;D:\repository\lib\org\attoparser\attoparser\2.0.5.RELEASE\attoparser-2.0.5.RELEASE.jar;D:\repository\lib\org\unbescape\unbescape\1.1.6.RELEASE\unbescape-1.1.6.RELEASE.jar;D:\repository\lib\org\thymeleaf\extras\thymeleaf-extras-java8time\3.0.4.RELEASE\thymeleaf-extras-java8time-3.0.4.RELEASE.jar;"/>
    <property name="java.vm.vendor" value="Oracle Corporation"/>
    <property name="sun.arch.data.model" value="64"/>
    <property name="user.variant" value=""/>
    <property name="java.vendor.url" value="http://java.oracle.com/"/>
    <property name="user.timezone" value="Asia/Shanghai"/>
    <property name="java.vm.specification.version" value="1.8"/>
    <property name="os.name" value="Windows 10"/>
    <property name="user.country" value="CN"/>
    <property name="sun.java.launcher" value="SUN_STANDARD"/>
    <property name="sun.boot.library.path" value="D:\Program Files\Java\jdk1.8.0_60\jre\bin"/>
    <property name="sun.java.command" value="C:\Users\ADMINI~1\AppData\Local\Temp\surefire8054524596491219225\surefirebooter3378324984557227098.jar C:\Users\Administrator\AppData\Local\Temp\surefire8054524596491219225 2021-05-29T12-06-55_690-jvmRun1 surefire5432203291047704151tmp surefire_06429446937516744797tmp"/>
    <property name="surefire.test.class.path" value="E:\IdeaProject\project1\target\test-classes;E:\IdeaProject\project1\target\classes;D:\repository\lib\org\springframework\boot\spring-boot-starter-web\2.5.0\spring-boot-starter-web-2.5.0.jar;D:\repository\lib\org\springframework\boot\spring-boot-starter-json\2.5.0\spring-boot-starter-json-2.5.0.jar;D:\repository\lib\com\fasterxml\jackson\core\jackson-databind\2.12.3\jackson-databind-2.12.3.jar;D:\repository\lib\com\fasterxml\jackson\core\jackson-annotations\2.12.3\jackson-annotations-2.12.3.jar;D:\repository\lib\com\fasterxml\jackson\core\jackson-core\2.12.3\jackson-core-2.12.3.jar;D:\repository\lib\com\fasterxml\jackson\datatype\jackson-datatype-jdk8\2.12.3\jackson-datatype-jdk8-2.12.3.jar;D:\repository\lib\com\fasterxml\jackson\datatype\jackson-datatype-jsr310\2.12.3\jackson-datatype-jsr310-2.12.3.jar;D:\repository\lib\com\fasterxml\jackson\module\jackson-module-parameter-names\2.12.3\jackson-module-parameter-names-2.12.3.jar;D:\repository\lib\org\springframework\boot\spring-boot-starter-tomcat\2.5.0\spring-boot-starter-tomcat-2.5.0.jar;D:\repository\lib\org\apache\tomcat\embed\tomcat-embed-core\9.0.46\tomcat-embed-core-9.0.46.jar;D:\repository\lib\org\apache\tomcat\embed\tomcat-embed-el\9.0.46\tomcat-embed-el-9.0.46.jar;D:\repository\lib\org\apache\tomcat\embed\tomcat-embed-websocket\9.0.46\tomcat-embed-websocket-9.0.46.jar;D:\repository\lib\org\springframework\spring-web\5.3.7\spring-web-5.3.7.jar;D:\repository\lib\org\springframework\spring-beans\5.3.7\spring-beans-5.3.7.jar;D:\repository\lib\org\springframework\spring-webmvc\5.3.7\spring-webmvc-5.3.7.jar;D:\repository\lib\org\springframework\spring-context\5.3.7\spring-context-5.3.7.jar;D:\repository\lib\org\springframework\spring-expression\5.3.7\spring-expression-5.3.7.jar;D:\repository\lib\org\springframework\boot\spring-boot-starter\2.5.0\spring-boot-starter-2.5.0.jar;D:\repository\lib\org\springframework\boot\spring-boot\2.5.0\spring-boot-2.5.0.jar;D:\repository\lib\org\springframework\boot\spring-boot-autoconfigure\2.5.0\spring-boot-autoconfigure-2.5.0.jar;D:\repository\lib\org\springframework\boot\spring-boot-starter-logging\2.5.0\spring-boot-starter-logging-2.5.0.jar;D:\repository\lib\ch\qos\logback\logback-classic\1.2.3\logback-classic-1.2.3.jar;D:\repository\lib\ch\qos\logback\logback-core\1.2.3\logback-core-1.2.3.jar;D:\repository\lib\org\apache\logging\log4j\log4j-to-slf4j\2.14.1\log4j-to-slf4j-2.14.1.jar;D:\repository\lib\org\apache\logging\log4j\log4j-api\2.14.1\log4j-api-2.14.1.jar;D:\repository\lib\jakarta\annotation\jakarta.annotation-api\1.3.5\jakarta.annotation-api-1.3.5.jar;D:\repository\lib\org\springframework\spring-core\5.3.7\spring-core-5.3.7.jar;D:\repository\lib\org\springframework\spring-jcl\5.3.7\spring-jcl-5.3.7.jar;D:\repository\lib\org\yaml\snakeyaml\1.28\snakeyaml-1.28.jar;D:\repository\lib\org\springframework\boot\spring-boot-starter-jdbc\2.5.0\spring-boot-starter-jdbc-2.5.0.jar;D:\repository\lib\com\zaxxer\HikariCP\4.0.3\HikariCP-4.0.3.jar;D:\repository\lib\org\slf4j\slf4j-api\1.7.30\slf4j-api-1.7.30.jar;D:\repository\lib\org\springframework\spring-jdbc\5.3.7\spring-jdbc-5.3.7.jar;D:\repository\lib\org\springframework\spring-tx\5.3.7\spring-tx-5.3.7.jar;D:\repository\lib\org\projectlombok\lombok\1.18.20\lombok-1.18.20.jar;D:\repository\lib\org\springframework\boot\spring-boot-starter-test\2.5.0\spring-boot-starter-test-2.5.0.jar;D:\repository\lib\org\springframework\boot\spring-boot-test\2.5.0\spring-boot-test-2.5.0.jar;D:\repository\lib\org\springframework\boot\spring-boot-test-autoconfigure\2.5.0\spring-boot-test-autoconfigure-2.5.0.jar;D:\repository\lib\com\jayway\jsonpath\json-path\2.5.0\json-path-2.5.0.jar;D:\repository\lib\net\minidev\json-smart\2.4.7\json-smart-2.4.7.jar;D:\repository\lib\net\minidev\accessors-smart\2.4.7\accessors-smart-2.4.7.jar;D:\repository\lib\org\ow2\asm\asm\9.1\asm-9.1.jar;D:\repository\lib\jakarta\xml\bind\jakarta.xml.bind-api\2.3.3\jakarta.xml.bind-api-2.3.3.jar;D:\repository\lib\jakarta\activation\jakarta.activation-api\1.2.2\jakarta.activation-api-1.2.2.jar;D:\repository\lib\org\assertj\assertj-core\3.19.0\assertj-core-3.19.0.jar;D:\repository\lib\org\hamcrest\hamcrest\2.2\hamcrest-2.2.jar;D:\repository\lib\org\junit\jupiter\junit-jupiter\5.7.2\junit-jupiter-5.7.2.jar;D:\repository\lib\org\junit\jupiter\junit-jupiter-api\5.7.2\junit-jupiter-api-5.7.2.jar;D:\repository\lib\org\apiguardian\apiguardian-api\1.1.0\apiguardian-api-1.1.0.jar;D:\repository\lib\org\opentest4j\opentest4j\1.2.0\opentest4j-1.2.0.jar;D:\repository\lib\org\junit\platform\junit-platform-commons\1.7.2\junit-platform-commons-1.7.2.jar;D:\repository\lib\org\junit\jupiter\junit-jupiter-params\5.7.2\junit-jupiter-params-5.7.2.jar;D:\repository\lib\org\junit\jupiter\junit-jupiter-engine\5.7.2\junit-jupiter-engine-5.7.2.jar;D:\repository\lib\org\junit\platform\junit-platform-engine\1.7.2\junit-platform-engine-1.7.2.jar;D:\repository\lib\org\mockito\mockito-core\3.9.0\mockito-core-3.9.0.jar;D:\repository\lib\net\bytebuddy\byte-buddy\1.10.22\byte-buddy-1.10.22.jar;D:\repository\lib\net\bytebuddy\byte-buddy-agent\1.10.22\byte-buddy-agent-1.10.22.jar;D:\repository\lib\org\objenesis\objenesis\3.2\objenesis-3.2.jar;D:\repository\lib\org\mockito\mockito-junit-jupiter\3.9.0\mockito-junit-jupiter-3.9.0.jar;D:\repository\lib\org\skyscreamer\jsonassert\1.5.0\jsonassert-1.5.0.jar;D:\repository\lib\com\vaadin\external\google\android-json\0.0.20131108.vaadin1\android-json-0.0.20131108.vaadin1.jar;D:\repository\lib\org\springframework\spring-test\5.3.7\spring-test-5.3.7.jar;D:\repository\lib\org\xmlunit\xmlunit-core\2.8.2\xmlunit-core-2.8.2.jar;D:\repository\lib\com\baomidou\mybatis-plus-boot-starter\3.4.1\mybatis-plus-boot-starter-3.4.1.jar;D:\repository\lib\com\baomidou\mybatis-plus\3.4.1\mybatis-plus-3.4.1.jar;D:\repository\lib\com\baomidou\mybatis-plus-generator\3.4.1\mybatis-plus-generator-3.4.1.jar;D:\repository\lib\com\baomidou\mybatis-plus-extension\3.4.1\mybatis-plus-extension-3.4.1.jar;D:\repository\lib\com\baomidou\mybatis-plus-core\3.4.1\mybatis-plus-core-3.4.1.jar;D:\repository\lib\com\baomidou\mybatis-plus-annotation\3.4.1\mybatis-plus-annotation-3.4.1.jar;D:\repository\lib\com\github\jsqlparser\jsqlparser\3.2\jsqlparser-3.2.jar;D:\repository\lib\org\mybatis\mybatis\3.5.6\mybatis-3.5.6.jar;D:\repository\lib\org\mybatis\mybatis-spring\2.0.5\mybatis-spring-2.0.5.jar;D:\repository\lib\org\freemarker\freemarker\2.3.31\freemarker-2.3.31.jar;D:\repository\lib\mysql\mysql-connector-java\8.0.25\mysql-connector-java-8.0.25.jar;D:\repository\lib\com\alibaba\druid\1.1.10\druid-1.1.10.jar;D:\repository\lib\org\springframework\boot\spring-boot-devtools\2.5.0\spring-boot-devtools-2.5.0.jar;D:\repository\lib\org\springframework\boot\spring-boot-configuration-processor\2.5.0\spring-boot-configuration-processor-2.5.0.jar;D:\repository\lib\org\springframework\boot\spring-boot-starter-aop\2.5.0\spring-boot-starter-aop-2.5.0.jar;D:\repository\lib\org\springframework\spring-aop\5.3.7\spring-aop-5.3.7.jar;D:\repository\lib\org\aspectj\aspectjweaver\1.9.6\aspectjweaver-1.9.6.jar;D:\repository\lib\net\sf\json-lib\json-lib\2.4\json-lib-2.4-jdk15.jar;D:\repository\lib\commons-beanutils\commons-beanutils\1.8.0\commons-beanutils-1.8.0.jar;D:\repository\lib\commons-collections\commons-collections\3.2.1\commons-collections-3.2.1.jar;D:\repository\lib\commons-lang\commons-lang\2.5\commons-lang-2.5.jar;D:\repository\lib\commons-logging\commons-logging\1.1.1\commons-logging-1.1.1.jar;D:\repository\lib\net\sf\ezmorph\ezmorph\1.0.6\ezmorph-1.0.6.jar;D:\repository\lib\org\springframework\boot\spring-boot-starter-log4j\1.3.8.RELEASE\spring-boot-starter-log4j-1.3.8.RELEASE.jar;D:\repository\lib\org\slf4j\jcl-over-slf4j\1.7.30\jcl-over-slf4j-1.7.30.jar;D:\repository\lib\org\slf4j\jul-to-slf4j\1.7.30\jul-to-slf4j-1.7.30.jar;D:\repository\lib\org\slf4j\slf4j-log4j12\1.7.30\slf4j-log4j12-1.7.30.jar;D:\repository\lib\log4j\log4j\1.2.17\log4j-1.2.17.jar;D:\repository\lib\org\springframework\boot\spring-boot-starter-thymeleaf\2.5.0\spring-boot-starter-thymeleaf-2.5.0.jar;D:\repository\lib\org\thymeleaf\thymeleaf-spring5\3.0.12.RELEASE\thymeleaf-spring5-3.0.12.RELEASE.jar;D:\repository\lib\org\thymeleaf\thymeleaf\3.0.12.RELEASE\thymeleaf-3.0.12.RELEASE.jar;D:\repository\lib\org\attoparser\attoparser\2.0.5.RELEASE\attoparser-2.0.5.RELEASE.jar;D:\repository\lib\org\unbescape\unbescape\1.1.6.RELEASE\unbescape-1.1.6.RELEASE.jar;D:\repository\lib\org\thymeleaf\extras\thymeleaf-extras-java8time\3.0.4.RELEASE\thymeleaf-extras-java8time-3.0.4.RELEASE.jar;"/>
    <property name="sun.cpu.endian" value="little"/>
    <property name="user.home" value="C:\Users\Administrator"/>
    <property name="user.language" value="zh"/>
    <property name="java.specification.vendor" value="Oracle Corporation"/>
    <property name="java.home" value="D:\Program Files\Java\jdk1.8.0_60\jre"/>
    <property name="basedir" value="E:\IdeaProject\project1"/>
    <property name="file.separator" value="\"/>
    <property name="line.separator" value="&#10;"/>
    <property name="java.vm.specification.vendor" value="Oracle Corporation"/>
    <property name="java.specification.name" value="Java Platform API Specification"/>
    <property name="java.awt.graphicsenv" value="sun.awt.Win32GraphicsEnvironment"/>
    <property name="surefire.real.class.path" value="C:\Users\ADMINI~1\AppData\Local\Temp\surefire8054524596491219225\surefirebooter3378324984557227098.jar"/>
    <property name="sun.boot.class.path" value="D:\Program Files\Java\jdk1.8.0_60\jre\lib\resources.jar;D:\Program Files\Java\jdk1.8.0_60\jre\lib\rt.jar;D:\Program Files\Java\jdk1.8.0_60\jre\lib\sunrsasign.jar;D:\Program Files\Java\jdk1.8.0_60\jre\lib\jsse.jar;D:\Program Files\Java\jdk1.8.0_60\jre\lib\jce.jar;D:\Program Files\Java\jdk1.8.0_60\jre\lib\charsets.jar;D:\Program Files\Java\jdk1.8.0_60\jre\lib\jfr.jar;D:\Program Files\Java\jdk1.8.0_60\jre\classes"/>
    <property name="user.script" value=""/>
    <property name="sun.management.compiler" value="HotSpot 64-Bit Tiered Compilers"/>
    <property name="java.runtime.version" value="1.8.0_60-b27"/>
    <property name="user.name" value="Administrator"/>
    <property name="path.separator" value=";"/>
    <property name="os.version" value="10.0"/>
    <property name="java.endorsed.dirs" value="D:\Program Files\Java\jdk1.8.0_60\jre\lib\endorsed"/>
    <property name="java.runtime.name" value="Java(TM) SE Runtime Environment"/>
    <property name="file.encoding" value="GBK"/>
    <property name="java.vm.name" value="Java HotSpot(TM) 64-Bit Server VM"/>
    <property name="localRepository" value="D:\repository\lib"/>
    <property name="java.vendor.url.bug" value="http://bugreport.sun.com/bugreport/"/>
    <property name="java.io.tmpdir" value="C:\Users\ADMINI~1\AppData\Local\Temp\"/>
    <property name="java.version" value="1.8.0_60"/>
    <property name="user.dir" value="E:\IdeaProject\project1"/>
    <property name="os.arch" value="amd64"/>
    <property name="java.vm.specification.name" value="Java Virtual Machine Specification"/>
    <property name="java.awt.printerjob" value="sun.awt.windows.WPrinterJob"/>
    <property name="sun.os.patch.level" value=""/>
    <property name="idea.version2019.3.3" value="true"/>
    <property name="java.library.path" value="D:\Program Files\Java\jdk1.8.0_60\jre\bin;C:\Windows\Sun\Java\bin;C:\Windows\system32;C:\Windows;C:\ProgramData\Oracle\Java\javapath;C:\Windows\system32;C:\Windows;C:\Windows\System32\Wbem;C:\Windows\System32\WindowsPowerShell\v1.0\;C:\Windows\System32\OpenSSH\;D:\Program Files\Java\jdk1.8.0_60\bin;D:\Program Files\Java\jdk1.8.0_60\jre\bin;D:\Program Files (x86)\Microsoft SQL Server\100\Tools\Binn\;D:\Program Files\Microsoft SQL Server\100\Tools\Binn\;D:\Program Files\Microsoft SQL Server\100\DTS\Binn\;D:\Program Files (x86)\Microsoft SQL Server\100\Tools\Binn\VSShell\Common7\IDE\;C:\Program Files (x86)\Microsoft Visual Studio 9.0\Common7\IDE\PrivateAssemblies\;D:\Program Files (x86)\Microsoft SQL Server\100\DTS\Binn\;&quot;D:\Program Files\apache-tomcat-7.0.108\lib;D:\Program Files\apache-tomcat-7.0.108\bin&quot;;C:\Users\Administrator\AppData\Local\Microsoft\WindowsApps;D:\Program Files\Java\jdk1.8.0_60\bin;D:\Program Files\Java\jdk1.8.0_60\jre\bin;;D:\Program Files\JetBrains\IntelliJ IDEA 2019.3.3\bin;;."/>
    <property name="java.vm.info" value="mixed mode"/>
    <property name="java.vendor" value="Oracle Corporation"/>
    <property name="java.vm.version" value="25.60-b23"/>
    <property name="java.ext.dirs" value="D:\Program Files\Java\jdk1.8.0_60\jre\lib\ext;C:\Windows\Sun\Java\lib\ext"/>
    <property name="sun.io.unicode.encoding" value="UnicodeLittle"/>
    <property name="java.class.version" value="52.0"/>
  </properties>
  <testcase name="contextLoads" classname="com.zhsh.mybatisproject.MybatisprojectApplicationTests" time="0.249"/>
</testsuite>